2015-02-17 19:14:41,239 - ResourceManager : unable to find resource 'VM_global_library.vm' in any resource loader.
2015-02-17 19:14:41,239 - Velocimacro : error using  VM library template VM_global_library.vm : org.apache.velocity.exception.ResourceNotFoundException: Unable to find resource 'VM_global_library.vm'
2015-02-17 19:14:41,239 - Velocimacro :  VM library template macro registration complete.
2015-02-17 19:14:41,240 - Velocimacro : allowInline = true : VMs can be defined inline in templates
2015-02-17 19:14:41,240 - Velocimacro : allowInlineToOverride = false : VMs defined inline may NOT replace previous VM definitions
2015-02-17 19:14:41,240 - Velocimacro : allowInlineLocal = false : VMs defined inline will be  global in scope if allowed.
2015-02-17 19:14:41,240 - Velocimacro : messages on  : VM system will output logging messages
2015-02-17 19:14:41,240 - Velocimacro : autoload off  : VM system will not automatically reload global library macros
2015-02-17 19:14:41,240 - Velocimacro : initialization complete.
2015-02-17 19:14:41,240 - Velocity successfully started.
2015-02-17 19:16:05,169 - SimpleLog4JLogSystem initialized using logfile 'velocity.log'
2015-02-17 19:16:05,169 - ************************************************************** 
2015-02-17 19:16:05,169 - Starting Jakarta Velocity v1.4
2015-02-17 19:16:05,169 - RuntimeInstance initializing.
2015-02-17 19:16:05,169 - Default Properties File: org\apache\velocity\runtime\defaults\velocity.properties
2015-02-17 19:16:05,169 - Trying to use logger class org.apache.velocity.runtime.log.SimpleLog4JLogSystem
2015-02-17 19:16:05,169 - Using logger class org.apache.velocity.runtime.log.SimpleLog4JLogSystem
2015-02-17 19:16:05,173 - Default ResourceManager initializing. (class org.apache.velocity.runtime.resource.ResourceManagerImpl)
2015-02-17 19:16:05,177 - Resource Loader Instantiated: org.apache.velocity.runtime.resource.loader.ClasspathResourceLoader
2015-02-17 19:16:05,177 - ClasspathResourceLoader : initialization starting.
2015-02-17 19:16:05,177 - ClasspathResourceLoader : initialization complete.
2015-02-17 19:16:05,179 - ResourceCache : initialized. (class org.apache.velocity.runtime.resource.ResourceCacheImpl)
2015-02-17 19:16:05,180 - Default ResourceManager initialization complete.
2015-02-17 19:16:05,183 - Loaded System Directive: org.apache.velocity.runtime.directive.Literal
2015-02-17 19:16:05,186 - Loaded System Directive: org.apache.velocity.runtime.directive.Macro
2015-02-17 19:16:05,189 - Loaded System Directive: org.apache.velocity.runtime.directive.Parse
2015-02-17 19:16:05,192 - Loaded System Directive: org.apache.velocity.runtime.directive.Include
2015-02-17 19:16:05,193 - Loaded System Directive: org.apache.velocity.runtime.directive.Foreach
2015-02-17 19:16:05,223 - Created: 20 parsers.
2015-02-17 19:16:05,235 - Velocimacro : initialization starting.
2015-02-17 19:16:05,235 - Velocimacro : adding VMs from VM library template : VM_global_library.vm
2015-02-17 19:16:05,241 - ResourceManager : unable to find resource 'VM_global_library.vm' in any resource loader.
2015-02-17 19:16:05,241 - Velocimacro : error using  VM library template VM_global_library.vm : org.apache.velocity.exception.ResourceNotFoundException: Unable to find resource 'VM_global_library.vm'
2015-02-17 19:16:05,241 - Velocimacro :  VM library template macro registration complete.
2015-02-17 19:16:05,241 - Velocimacro : allowInline = true : VMs can be defined inline in templates
2015-02-17 19:16:05,241 - Velocimacro : allowInlineToOverride = false : VMs defined inline may NOT replace previous VM definitions
2015-02-17 19:16:05,242 - Velocimacro : allowInlineLocal = false : VMs defined inline will be  global in scope if allowed.
2015-02-17 19:16:05,242 - Velocimacro : messages on  : VM system will output logging messages
2015-02-17 19:16:05,242 - Velocimacro : autoload off  : VM system will not automatically reload global library macros
2015-02-17 19:16:05,242 - Velocimacro : initialization complete.
2015-02-17 19:16:05,242 - Velocity successfully started.
2015-02-17 19:19:49,953 - SimpleLog4JLogSystem initialized using logfile 'velocity.log'
2015-02-17 19:19:49,953 - ************************************************************** 
2015-02-17 19:19:49,953 - Starting Jakarta Velocity v1.4
2015-02-17 19:19:49,953 - RuntimeInstance initializing.
2015-02-17 19:19:49,953 - Default Properties File: org\apache\velocity\runtime\defaults\velocity.properties
2015-02-17 19:19:49,953 - Trying to use logger class org.apache.velocity.runtime.log.SimpleLog4JLogSystem
2015-02-17 19:19:49,953 - Using logger class org.apache.velocity.runtime.log.SimpleLog4JLogSystem
2015-02-17 19:19:49,958 - Default ResourceManager initializing. (class org.apache.velocity.runtime.resource.ResourceManagerImpl)
2015-02-17 19:19:49,962 - Resource Loader Instantiated: org.apache.velocity.runtime.resource.loader.ClasspathResourceLoader
2015-02-17 19:19:49,962 - ClasspathResourceLoader : initialization starting.
2015-02-17 19:19:49,962 - ClasspathResourceLoader : initialization complete.
2015-02-17 19:19:49,965 - ResourceCache : initialized. (class org.apache.velocity.runtime.resource.ResourceCacheImpl)
2015-02-17 19:19:49,965 - Default ResourceManager initialization complete.
2015-02-17 19:19:49,968 - Loaded System Directive: org.apache.velocity.runtime.directive.Literal
2015-02-17 19:19:49,971 - Loaded System Directive: org.apache.velocity.runtime.directive.Macro
2015-02-17 19:19:49,975 - Loaded System Directive: org.apache.velocity.runtime.directive.Parse
2015-02-17 19:19:49,977 - Loaded System Directive: org.apache.velocity.runtime.directive.Include
2015-02-17 19:19:49,979 - Loaded System Directive: org.apache.velocity.runtime.directive.Foreach
2015-02-17 19:19:50,010 - Created: 20 parsers.
2015-02-17 19:19:50,022 - Velocimacro : initialization starting.
2015-02-17 19:19:50,022 - Velocimacro : adding VMs from VM library template : VM_global_library.vm
2015-02-17 19:19:50,029 - ResourceManager : unable to find resource 'VM_global_library.vm' in any resource loader.
2015-02-17 19:19:50,029 - Velocimacro : error using  VM library template VM_global_library.vm : org.apache.velocity.exception.ResourceNotFoundException: Unable to find resource 'VM_global_library.vm'
2015-02-17 19:19:50,029 - Velocimacro :  VM library template macro registration complete.
2015-02-17 19:19:50,029 - Velocimacro : allowInline = true : VMs can be defined inline in templates
2015-02-17 19:19:50,029 - Velocimacro : allowInlineToOverride = false : VMs defined inline may NOT replace previous VM definitions
2015-02-17 19:19:50,029 - Velocimacro : allowInlineLocal = false : VMs defined inline will be  global in scope if allowed.
2015-02-17 19:19:50,029 - Velocimacro : messages on  : VM system will output logging messages
2015-02-17 19:19:50,029 - Velocimacro : autoload off  : VM system will not automatically reload global library macros
2015-02-17 19:19:50,029 - Velocimacro : initialization complete.
2015-02-17 19:19:50,030 - Velocity successfully started.
2015-02-17 19:23:17,502 - SimpleLog4JLogSystem initialized using logfile 'velocity.log'
2015-02-17 19:23:17,502 - ************************************************************** 
2015-02-17 19:23:17,502 - Starting Jakarta Velocity v1.4
2015-02-17 19:23:17,502 - RuntimeInstance initializing.
2015-02-17 19:23:17,502 - Default Properties File: org\apache\velocity\runtime\defaults\velocity.properties
2015-02-17 19:23:17,502 - Trying to use logger class org.apache.velocity.runtime.log.SimpleLog4JLogSystem
2015-02-17 19:23:17,502 - Using logger class org.apache.velocity.runtime.log.SimpleLog4JLogSystem
2015-02-17 19:23:17,506 - Default ResourceManager initializing. (class org.apache.velocity.runtime.resource.ResourceManagerImpl)
2015-02-17 19:23:17,511 - Resource Loader Instantiated: org.apache.velocity.runtime.resource.loader.ClasspathResourceLoader
2015-02-17 19:23:17,511 - ClasspathResourceLoader : initialization starting.
2015-02-17 19:23:17,511 - ClasspathResourceLoader : initialization complete.
2015-02-17 19:23:17,513 - ResourceCache : initialized. (class org.apache.velocity.runtime.resource.ResourceCacheImpl)
2015-02-17 19:23:17,513 - Default ResourceManager initialization complete.
2015-02-17 19:23:17,517 - Loaded System Directive: org.apache.velocity.runtime.directive.Literal
2015-02-17 19:23:17,520 - Loaded System Directive: org.apache.velocity.runtime.directive.Macro
2015-02-17 19:23:17,523 - Loaded System Directive: org.apache.velocity.runtime.directive.Parse
2015-02-17 19:23:17,526 - Loaded System Directive: org.apache.velocity.runtime.directive.Include
2015-02-17 19:23:17,528 - Loaded System Directive: org.apache.velocity.runtime.directive.Foreach
2015-02-17 19:23:17,559 - Created: 20 parsers.
2015-02-17 19:23:17,571 - Velocimacro : initialization starting.
2015-02-17 19:23:17,572 - Velocimacro : adding VMs from VM library template : VM_global_library.vm
2015-02-17 19:23:17,579 - ResourceManager : unable to find resource 'VM_global_library.vm' in any resource loader.
2015-02-17 19:23:17,579 - Velocimacro : error using  VM library template VM_global_library.vm : org.apache.velocity.exception.ResourceNotFoundException: Unable to find resource 'VM_global_library.vm'
2015-02-17 19:23:17,579 - Velocimacro :  VM library template macro registration complete.
2015-02-17 19:23:17,579 - Velocimacro : allowInline = true : VMs can be defined inline in templates
2015-02-17 19:23:17,579 - Velocimacro : allowInlineToOverride = false : VMs defined inline may NOT replace previous VM definitions
2015-02-17 19:23:17,579 - Velocimacro : allowInlineLocal = false : VMs defined inline will be  global in scope if allowed.
2015-02-17 19:23:17,579 - Velocimacro : messages on  : VM system will output logging messages
2015-02-17 19:23:17,579 - Velocimacro : autoload off  : VM system will not automatically reload global library macros
2015-02-17 19:23:17,579 - Velocimacro : initialization complete.
2015-02-17 19:23:17,579 - Velocity successfully started.
2015-02-17 19:26:45,329 - SimpleLog4JLogSystem initialized using logfile 'velocity.log'
2015-02-17 19:26:45,329 - ************************************************************** 
2015-02-17 19:26:45,330 - Starting Jakarta Velocity v1.4
2015-02-17 19:26:45,330 - RuntimeInstance initializing.
2015-02-17 19:26:45,330 - Default Properties File: org\apache\velocity\runtime\defaults\velocity.properties
2015-02-17 19:26:45,330 - Trying to use logger class org.apache.velocity.runtime.log.SimpleLog4JLogSystem
2015-02-17 19:26:45,330 - Using logger class org.apache.velocity.runtime.log.SimpleLog4JLogSystem
2015-02-17 19:26:45,334 - Default ResourceManager initializing. (class org.apache.velocity.runtime.resource.ResourceManagerImpl)
2015-02-17 19:26:45,338 - Resource Loader Instantiated: org.apache.velocity.runtime.resource.loader.ClasspathResourceLoader
2015-02-17 19:26:45,338 - ClasspathResourceLoader : initialization starting.
2015-02-17 19:26:45,339 - ClasspathResourceLoader : initialization complete.
2015-02-17 19:26:45,341 - ResourceCache : initialized. (class org.apache.velocity.runtime.resource.ResourceCacheImpl)
2015-02-17 19:26:45,341 - Default ResourceManager initialization complete.
2015-02-17 19:26:45,345 - Loaded System Directive: org.apache.velocity.runtime.directive.Literal
2015-02-17 19:26:45,348 - Loaded System Directive: org.apache.velocity.runtime.directive.Macro
2015-02-17 19:26:45,352 - Loaded System Directive: org.apache.velocity.runtime.directive.Parse
2015-02-17 19:26:45,354 - Loaded System Directive: org.apache.velocity.runtime.directive.Include
2015-02-17 19:26:45,356 - Loaded System Directive: org.apache.velocity.runtime.directive.Foreach
2015-02-17 19:26:45,388 - Created: 20 parsers.
2015-02-17 19:26:45,398 - Velocimacro : initialization starting.
2015-02-17 19:26:45,398 - Velocimacro : adding VMs from VM library template : VM_global_library.vm
2015-02-17 19:26:45,405 - ResourceManager : unable to find resource 'VM_global_library.vm' in any resource loader.
2015-02-17 19:26:45,405 - Velocimacro : error using  VM library template VM_global_library.vm : org.apache.velocity.exception.ResourceNotFoundException: Unable to find resource 'VM_global_library.vm'
2015-02-17 19:26:45,406 - Velocimacro :  VM library template macro registration complete.
2015-02-17 19:26:45,406 - Velocimacro : allowInline = true : VMs can be defined inline in templates
2015-02-17 19:26:45,406 - Velocimacro : allowInlineToOverride = false : VMs defined inline may NOT replace previous VM definitions
2015-02-17 19:26:45,406 - Velocimacro : allowInlineLocal = false : VMs defined inline will be  global in scope if allowed.
2015-02-17 19:26:45,406 - Velocimacro : messages on  : VM system will output logging messages
2015-02-17 19:26:45,406 - Velocimacro : autoload off  : VM system will not automatically reload global library macros
2015-02-17 19:26:45,406 - Velocimacro : initialization complete.
2015-02-17 19:26:45,406 - Velocity successfully started.
2015-02-17 19:28:36,447 - SimpleLog4JLogSystem initialized using logfile 'velocity.log'
2015-02-17 19:28:36,447 - ************************************************************** 
2015-02-17 19:28:36,447 - Starting Jakarta Velocity v1.4
2015-02-17 19:28:36,447 - RuntimeInstance initializing.
2015-02-17 19:28:36,447 - Default Properties File: org\apache\velocity\runtime\defaults\velocity.properties
2015-02-17 19:28:36,448 - Trying to use logger class org.apache.velocity.runtime.log.SimpleLog4JLogSystem
2015-02-17 19:28:36,448 - Using logger class org.apache.velocity.runtime.log.SimpleLog4JLogSystem
2015-02-17 19:28:36,452 - Default ResourceManager initializing. (class org.apache.velocity.runtime.resource.ResourceManagerImpl)
2015-02-17 19:28:36,455 - Resource Loader Instantiated: org.apache.velocity.runtime.resource.loader.ClasspathResourceLoader
2015-02-17 19:28:36,456 - ClasspathResourceLoader : initialization starting.
2015-02-17 19:28:36,456 - ClasspathResourceLoader : initialization complete.
2015-02-17 19:28:36,458 - ResourceCache : initialized. (class org.apache.velocity.runtime.resource.ResourceCacheImpl)
2015-02-17 19:28:36,458 - Default ResourceManager initialization complete.
2015-02-17 19:28:36,462 - Loaded System Directive: org.apache.velocity.runtime.directive.Literal
2015-02-17 19:28:36,464 - Loaded System Directive: org.apache.velocity.runtime.directive.Macro
2015-02-17 19:28:36,468 - Loaded System Directive: org.apache.velocity.runtime.directive.Parse
2015-02-17 19:28:36,471 - Loaded System Directive: org.apache.velocity.runtime.directive.Include
2015-02-17 19:28:36,472 - Loaded System Directive: org.apache.velocity.runtime.directive.Foreach
2015-02-17 19:28:36,501 - Created: 20 parsers.
2015-02-17 19:28:36,513 - Velocimacro : initialization starting.
2015-02-17 19:28:36,513 - Velocimacro : adding VMs from VM library template : VM_global_library.vm
2015-02-17 19:28:36,520 - ResourceManager : unable to find resource 'VM_global_library.vm' in any resource loader.
2015-02-17 19:28:36,520 - Velocimacro : error using  VM library template VM_global_library.vm : org.apache.velocity.exception.ResourceNotFoundException: Unable to find resource 'VM_global_library.vm'
2015-02-17 19:28:36,520 - Velocimacro :  VM library template macro registration complete.
2015-02-17 19:28:36,520 - Velocimacro : allowInline = true : VMs can be defined inline in templates
2015-02-17 19:28:36,520 - Velocimacro : allowInlineToOverride = false : VMs defined inline may NOT replace previous VM definitions
2015-02-17 19:28:36,520 - Velocimacro : allowInlineLocal = false : VMs defined inline will be  global in scope if allowed.
2015-02-17 19:28:36,520 - Velocimacro : messages on  : VM system will output logging messages
2015-02-17 19:28:36,520 - Velocimacro : autoload off  : VM system will not automatically reload global library macros
2015-02-17 19:28:36,520 - Velocimacro : initialization complete.
2015-02-17 19:28:36,520 - Velocity successfully started.
2015-02-17 19:29:28,822 - SimpleLog4JLogSystem initialized using logfile 'velocity.log'
2015-02-17 19:29:28,822 - ************************************************************** 
2015-02-17 19:29:28,822 - Starting Jakarta Velocity v1.4
2015-02-17 19:29:28,822 - RuntimeInstance initializing.
2015-02-17 19:29:28,822 - Default Properties File: org\apache\velocity\runtime\defaults\velocity.properties
2015-02-17 19:29:28,822 - Trying to use logger class org.apache.velocity.runtime.log.SimpleLog4JLogSystem
2015-02-17 19:29:28,822 - Using logger class org.apache.velocity.runtime.log.SimpleLog4JLogSystem
2015-02-17 19:29:28,827 - Default ResourceManager initializing. (class org.apache.velocity.runtime.resource.ResourceManagerImpl)
2015-02-17 19:29:28,830 - Resource Loader Instantiated: org.apache.velocity.runtime.resource.loader.ClasspathResourceLoader
2015-02-17 19:29:28,830 - ClasspathResourceLoader : initialization starting.
2015-02-17 19:29:28,830 - ClasspathResourceLoader : initialization complete.
2015-02-17 19:29:28,833 - ResourceCache : initialized. (class org.apache.velocity.runtime.resource.ResourceCacheImpl)
2015-02-17 19:29:28,833 - Default ResourceManager initialization complete.
2015-02-17 19:29:28,837 - Loaded System Directive: org.apache.velocity.runtime.directive.Literal
2015-02-17 19:29:28,840 - Loaded System Directive: org.apache.velocity.runtime.directive.Macro
2015-02-17 19:29:28,843 - Loaded System Directive: org.apache.velocity.runtime.directive.Parse
2015-02-17 19:29:28,846 - Loaded System Directive: org.apache.velocity.runtime.directive.Include
2015-02-17 19:29:28,848 - Loaded System Directive: org.apache.velocity.runtime.directive.Foreach
2015-02-17 19:29:28,877 - Created: 20 parsers.
2015-02-17 19:29:28,889 - Velocimacro : initialization starting.
2015-02-17 19:29:28,889 - Velocimacro : adding VMs from VM library template : VM_global_library.vm
2015-02-17 19:29:28,896 - ResourceManager : unable to find resource 'VM_global_library.vm' in any resource loader.
2015-02-17 19:29:28,897 - Velocimacro : error using  VM library template VM_global_library.vm : org.apache.velocity.exception.ResourceNotFoundException: Unable to find resource 'VM_global_library.vm'
2015-02-17 19:29:28,897 - Velocimacro :  VM library template macro registration complete.
2015-02-17 19:29:28,897 - Velocimacro : allowInline = true : VMs can be defined inline in templates
2015-02-17 19:29:28,897 - Velocimacro : allowInlineToOverride = false : VMs defined inline may NOT replace previous VM definitions
2015-02-17 19:29:28,897 - Velocimacro : allowInlineLocal = false : VMs defined inline will be  global in scope if allowed.
2015-02-17 19:29:28,897 - Velocimacro : messages on  : VM system will output logging messages
2015-02-17 19:29:28,897 - Velocimacro : autoload off  : VM system will not automatically reload global library macros
2015-02-17 19:29:28,897 - Velocimacro : initialization complete.
2015-02-17 19:29:28,897 - Velocity successfully started.
2015-02-19 18:17:22,589 - SimpleLog4JLogSystem initialized using logfile 'velocity.log'
2015-02-19 18:17:22,633 - ************************************************************** 
2015-02-19 18:17:22,633 - Starting Jakarta Velocity v1.4
2015-02-19 18:17:22,633 - RuntimeInstance initializing.
2015-02-19 18:17:22,633 - Default Properties File: org\apache\velocity\runtime\defaults\velocity.properties
2015-02-19 18:17:22,633 - Trying to use logger class org.apache.velocity.runtime.log.SimpleLog4JLogSystem
2015-02-19 18:17:22,633 - Using logger class org.apache.velocity.runtime.log.SimpleLog4JLogSystem
2015-02-19 18:17:22,637 - Default ResourceManager initializing. (class org.apache.velocity.runtime.resource.ResourceManagerImpl)
2015-02-19 18:17:22,641 - Resource Loader Instantiated: org.apache.velocity.runtime.resource.loader.ClasspathResourceLoader
2015-02-19 18:17:22,641 - ClasspathResourceLoader : initialization starting.
2015-02-19 18:17:22,641 - ClasspathResourceLoader : initialization complete.
2015-02-19 18:17:22,645 - ResourceCache : initialized. (class org.apache.velocity.runtime.resource.ResourceCacheImpl)
2015-02-19 18:17:22,645 - Default ResourceManager initialization complete.
2015-02-19 18:17:22,650 - Loaded System Directive: org.apache.velocity.runtime.directive.Literal
2015-02-19 18:17:22,653 - Loaded System Directive: org.apache.velocity.runtime.directive.Macro
2015-02-19 18:17:22,657 - Loaded System Directive: org.apache.velocity.runtime.directive.Parse
2015-02-19 18:17:22,659 - Loaded System Directive: org.apache.velocity.runtime.directive.Include
2015-02-19 18:17:22,661 - Loaded System Directive: org.apache.velocity.runtime.directive.Foreach
2015-02-19 18:17:22,698 - Created: 20 parsers.
2015-02-19 18:17:22,706 - Velocimacro : initialization starting.
2015-02-19 18:17:22,707 - Velocimacro : adding VMs from VM library template : VM_global_library.vm
2015-02-19 18:17:22,715 - ResourceManager : unable to find resource 'VM_global_library.vm' in any resource loader.
2015-02-19 18:17:22,715 - Velocimacro : error using  VM library template VM_global_library.vm : org.apache.velocity.exception.ResourceNotFoundException: Unable to find resource 'VM_global_library.vm'
2015-02-19 18:17:22,716 - Velocimacro :  VM library template macro registration complete.
2015-02-19 18:17:22,716 - Velocimacro : allowInline = true : VMs can be defined inline in templates
2015-02-19 18:17:22,716 - Velocimacro : allowInlineToOverride = false : VMs defined inline may NOT replace previous VM definitions
2015-02-19 18:17:22,716 - Velocimacro : allowInlineLocal = false : VMs defined inline will be  global in scope if allowed.
2015-02-19 18:17:22,716 - Velocimacro : messages on  : VM system will output logging messages
2015-02-19 18:17:22,716 - Velocimacro : autoload off  : VM system will not automatically reload global library macros
2015-02-19 18:17:22,716 - Velocimacro : initialization complete.
2015-02-19 18:17:22,716 - Velocity successfully started.
2015-02-19 18:22:55,844 - SimpleLog4JLogSystem initialized using logfile 'velocity.log'
2015-02-19 18:22:55,844 - ************************************************************** 
2015-02-19 18:22:55,844 - Starting Jakarta Velocity v1.4
2015-02-19 18:22:55,844 - RuntimeInstance initializing.
2015-02-19 18:22:55,844 - Default Properties File: org\apache\velocity\runtime\defaults\velocity.properties
2015-02-19 18:22:55,844 - Trying to use logger class org.apache.velocity.runtime.log.SimpleLog4JLogSystem
2015-02-19 18:22:55,844 - Using logger class org.apache.velocity.runtime.log.SimpleLog4JLogSystem
2015-02-19 18:22:55,848 - Default ResourceManager initializing. (class org.apache.velocity.runtime.resource.ResourceManagerImpl)
2015-02-19 18:22:55,852 - Resource Loader Instantiated: org.apache.velocity.runtime.resource.loader.ClasspathResourceLoader
2015-02-19 18:22:55,852 - ClasspathResourceLoader : initialization starting.
2015-02-19 18:22:55,852 - ClasspathResourceLoader : initialization complete.
2015-02-19 18:22:55,855 - ResourceCache : initialized. (class org.apache.velocity.runtime.resource.ResourceCacheImpl)
2015-02-19 18:22:55,855 - Default ResourceManager initialization complete.
2015-02-19 18:22:55,859 - Loaded System Directive: org.apache.velocity.runtime.directive.Literal
2015-02-19 18:22:55,861 - Loaded System Directive: org.apache.velocity.runtime.directive.Macro
2015-02-19 18:22:55,865 - Loaded System Directive: org.apache.velocity.runtime.directive.Parse
2015-02-19 18:22:55,868 - Loaded System Directive: org.apache.velocity.runtime.directive.Include
2015-02-19 18:22:55,869 - Loaded System Directive: org.apache.velocity.runtime.directive.Foreach
2015-02-19 18:22:55,900 - Created: 20 parsers.
2015-02-19 18:22:55,912 - Velocimacro : initialization starting.
2015-02-19 18:22:55,912 - Velocimacro : adding VMs from VM library template : VM_global_library.vm
2015-02-19 18:22:55,919 - ResourceManager : unable to find resource 'VM_global_library.vm' in any resource loader.
2015-02-19 18:22:55,919 - Velocimacro : error using  VM library template VM_global_library.vm : org.apache.velocity.exception.ResourceNotFoundException: Unable to find resource 'VM_global_library.vm'
2015-02-19 18:22:55,919 - Velocimacro :  VM library template macro registration complete.
2015-02-19 18:22:55,919 - Velocimacro : allowInline = true : VMs can be defined inline in templates
2015-02-19 18:22:55,919 - Velocimacro : allowInlineToOverride = false : VMs defined inline may NOT replace previous VM definitions
2015-02-19 18:22:55,919 - Velocimacro : allowInlineLocal = false : VMs defined inline will be  global in scope if allowed.
2015-02-19 18:22:55,919 - Velocimacro : messages on  : VM system will output logging messages
2015-02-19 18:22:55,919 - Velocimacro : autoload off  : VM system will not automatically reload global library macros
2015-02-19 18:22:55,919 - Velocimacro : initialization complete.
2015-02-19 18:22:55,919 - Velocity successfully started.
2015-02-19 18:23:53,329 - SimpleLog4JLogSystem initialized using logfile 'velocity.log'
2015-02-19 18:23:53,329 - ************************************************************** 
2015-02-19 18:23:53,329 - Starting Jakarta Velocity v1.4
2015-02-19 18:23:53,329 - RuntimeInstance initializing.
2015-02-19 18:23:53,329 - Default Properties File: org\apache\velocity\runtime\defaults\velocity.properties
2015-02-19 18:23:53,329 - Trying to use logger class org.apache.velocity.runtime.log.SimpleLog4JLogSystem
2015-02-19 18:23:53,329 - Using logger class org.apache.velocity.runtime.log.SimpleLog4JLogSystem
2015-02-19 18:23:53,333 - Default ResourceManager initializing. (class org.apache.velocity.runtime.resource.ResourceManagerImpl)
2015-02-19 18:23:53,337 - Resource Loader Instantiated: org.apache.velocity.runtime.resource.loader.ClasspathResourceLoader
2015-02-19 18:23:53,337 - ClasspathResourceLoader : initialization starting.
2015-02-19 18:23:53,337 - ClasspathResourceLoader : initialization complete.
2015-02-19 18:23:53,340 - ResourceCache : initialized. (class org.apache.velocity.runtime.resource.ResourceCacheImpl)
2015-02-19 18:23:53,340 - Default ResourceManager initialization complete.
2015-02-19 18:23:53,344 - Loaded System Directive: org.apache.velocity.runtime.directive.Literal
2015-02-19 18:23:53,346 - Loaded System Directive: org.apache.velocity.runtime.directive.Macro
2015-02-19 18:23:53,350 - Loaded System Directive: org.apache.velocity.runtime.directive.Parse
2015-02-19 18:23:53,353 - Loaded System Directive: org.apache.velocity.runtime.directive.Include
2015-02-19 18:23:53,354 - Loaded System Directive: org.apache.velocity.runtime.directive.Foreach
2015-02-19 18:23:53,385 - Created: 20 parsers.
2015-02-19 18:23:53,396 - Velocimacro : initialization starting.
2015-02-19 18:23:53,396 - Velocimacro : adding VMs from VM library template : VM_global_library.vm
2015-02-19 18:23:53,404 - ResourceManager : unable to find resource 'VM_global_library.vm' in any resource loader.
2015-02-19 18:23:53,404 - Velocimacro : error using  VM library template VM_global_library.vm : org.apache.velocity.exception.ResourceNotFoundException: Unable to find resource 'VM_global_library.vm'
2015-02-19 18:23:53,404 - Velocimacro :  VM library template macro registration complete.
2015-02-19 18:23:53,404 - Velocimacro : allowInline = true : VMs can be defined inline in templates
2015-02-19 18:23:53,404 - Velocimacro : allowInlineToOverride = false : VMs defined inline may NOT replace previous VM definitions
2015-02-19 18:23:53,404 - Velocimacro : allowInlineLocal = false : VMs defined inline will be  global in scope if allowed.
2015-02-19 18:23:53,404 - Velocimacro : messages on  : VM system will output logging messages
2015-02-19 18:23:53,404 - Velocimacro : autoload off  : VM system will not automatically reload global library macros
2015-02-19 18:23:53,404 - Velocimacro : initialization complete.
2015-02-19 18:23:53,404 - Velocity successfully started.
2015-02-19 18:36:28,957 - SimpleLog4JLogSystem initialized using logfile 'velocity.log'
2015-02-19 18:36:28,958 - ************************************************************** 
2015-02-19 18:36:28,958 - Starting Jakarta Velocity v1.4
2015-02-19 18:36:28,958 - RuntimeInstance initializing.
2015-02-19 18:36:28,958 - Default Properties File: org\apache\velocity\runtime\defaults\velocity.properties
2015-02-19 18:36:28,958 - Trying to use logger class org.apache.velocity.runtime.log.SimpleLog4JLogSystem
2015-02-19 18:36:28,958 - Using logger class org.apache.velocity.runtime.log.SimpleLog4JLogSystem
2015-02-19 18:36:28,962 - Default ResourceManager initializing. (class org.apache.velocity.runtime.resource.ResourceManagerImpl)
2015-02-19 18:36:28,966 - Resource Loader Instantiated: org.apache.velocity.runtime.resource.loader.ClasspathResourceLoader
2015-02-19 18:36:28,966 - ClasspathResourceLoader : initialization starting.
2015-02-19 18:36:28,966 - ClasspathResourceLoader : initialization complete.
2015-02-19 18:36:28,969 - ResourceCache : initialized. (class org.apache.velocity.runtime.resource.ResourceCacheImpl)
2015-02-19 18:36:28,969 - Default ResourceManager initialization complete.
2015-02-19 18:36:28,973 - Loaded System Directive: org.apache.velocity.runtime.directive.Literal
2015-02-19 18:36:28,976 - Loaded System Directive: org.apache.velocity.runtime.directive.Macro
2015-02-19 18:36:28,979 - Loaded System Directive: org.apache.velocity.runtime.directive.Parse
2015-02-19 18:36:28,982 - Loaded System Directive: org.apache.velocity.runtime.directive.Include
2015-02-19 18:36:28,983 - Loaded System Directive: org.apache.velocity.runtime.directive.Foreach
2015-02-19 18:36:29,014 - Created: 20 parsers.
2015-02-19 18:36:29,023 - Velocimacro : initialization starting.
2015-02-19 18:36:29,023 - Velocimacro : adding VMs from VM library template : VM_global_library.vm
2015-02-19 18:36:29,030 - ResourceManager : unable to find resource 'VM_global_library.vm' in any resource loader.
2015-02-19 18:36:29,030 - Velocimacro : error using  VM library template VM_global_library.vm : org.apache.velocity.exception.ResourceNotFoundException: Unable to find resource 'VM_global_library.vm'
2015-02-19 18:36:29,030 - Velocimacro :  VM library template macro registration complete.
2015-02-19 18:36:29,030 - Velocimacro : allowInline = true : VMs can be defined inline in templates
2015-02-19 18:36:29,030 - Velocimacro : allowInlineToOverride = false : VMs defined inline may NOT replace previous VM definitions
2015-02-19 18:36:29,030 - Velocimacro : allowInlineLocal = false : VMs defined inline will be  global in scope if allowed.
2015-02-19 18:36:29,030 - Velocimacro : messages on  : VM system will output logging messages
2015-02-19 18:36:29,030 - Velocimacro : autoload off  : VM system will not automatically reload global library macros
2015-02-19 18:36:29,030 - Velocimacro : initialization complete.
2015-02-19 18:36:29,031 - Velocity successfully started.
2015-02-19 18:47:48,170 - SimpleLog4JLogSystem initialized using logfile 'velocity.log'
2015-02-19 18:47:48,170 - ************************************************************** 
2015-02-19 18:47:48,170 - Starting Jakarta Velocity v1.4
2015-02-19 18:47:48,170 - RuntimeInstance initializing.
2015-02-19 18:47:48,170 - Default Properties File: org\apache\velocity\runtime\defaults\velocity.properties
2015-02-19 18:47:48,170 - Trying to use logger class org.apache.velocity.runtime.log.SimpleLog4JLogSystem
2015-02-19 18:47:48,170 - Using logger class org.apache.velocity.runtime.log.SimpleLog4JLogSystem
2015-02-19 18:47:48,174 - Default ResourceManager initializing. (class org.apache.velocity.runtime.resource.ResourceManagerImpl)
2015-02-19 18:47:48,178 - Resource Loader Instantiated: org.apache.velocity.runtime.resource.loader.ClasspathResourceLoader
2015-02-19 18:47:48,178 - ClasspathResourceLoader : initialization starting.
2015-02-19 18:47:48,178 - ClasspathResourceLoader : initialization complete.
2015-02-19 18:47:48,181 - ResourceCache : initialized. (class org.apache.velocity.runtime.resource.ResourceCacheImpl)
2015-02-19 18:47:48,181 - Default ResourceManager initialization complete.
2015-02-19 18:47:48,185 - Loaded System Directive: org.apache.velocity.runtime.directive.Literal
2015-02-19 18:47:48,187 - Loaded System Directive: org.apache.velocity.runtime.directive.Macro
2015-02-19 18:47:48,191 - Loaded System Directive: org.apache.velocity.runtime.directive.Parse
2015-02-19 18:47:48,194 - Loaded System Directive: org.apache.velocity.runtime.directive.Include
2015-02-19 18:47:48,195 - Loaded System Directive: org.apache.velocity.runtime.directive.Foreach
2015-02-19 18:47:48,225 - Created: 20 parsers.
2015-02-19 18:47:48,237 - Velocimacro : initialization starting.
2015-02-19 18:47:48,237 - Velocimacro : adding VMs from VM library template : VM_global_library.vm
2015-02-19 18:47:48,244 - ResourceManager : unable to find resource 'VM_global_library.vm' in any resource loader.
2015-02-19 18:47:48,244 - Velocimacro : error using  VM library template VM_global_library.vm : org.apache.velocity.exception.ResourceNotFoundException: Unable to find resource 'VM_global_library.vm'
2015-02-19 18:47:48,244 - Velocimacro :  VM library template macro registration complete.
2015-02-19 18:47:48,244 - Velocimacro : allowInline = true : VMs can be defined inline in templates
2015-02-19 18:47:48,244 - Velocimacro : allowInlineToOverride = false : VMs defined inline may NOT replace previous VM definitions
2015-02-19 18:47:48,244 - Velocimacro : allowInlineLocal = false : VMs defined inline will be  global in scope if allowed.
2015-02-19 18:47:48,244 - Velocimacro : messages on  : VM system will output logging messages
2015-02-19 18:47:48,244 - Velocimacro : autoload off  : VM system will not automatically reload global library macros
2015-02-19 18:47:48,244 - Velocimacro : initialization complete.
2015-02-19 18:47:48,244 - Velocity successfully started.
2015-02-24 13:12:39,165 - SimpleLog4JLogSystem initialized using logfile 'velocity.log'
2015-02-24 13:12:39,178 - ************************************************************** 
2015-02-24 13:12:39,178 - Starting Jakarta Velocity v1.4
2015-02-24 13:12:39,178 - RuntimeInstance initializing.
2015-02-24 13:12:39,178 - Default Properties File: org\apache\velocity\runtime\defaults\velocity.properties
2015-02-24 13:12:39,178 - Trying to use logger class org.apache.velocity.runtime.log.SimpleLog4JLogSystem
2015-02-24 13:12:39,178 - Using logger class org.apache.velocity.runtime.log.SimpleLog4JLogSystem
2015-02-24 13:12:39,182 - Default ResourceManager initializing. (class org.apache.velocity.runtime.resource.ResourceManagerImpl)
2015-02-24 13:12:39,187 - Resource Loader Instantiated: org.apache.velocity.runtime.resource.loader.ClasspathResourceLoader
2015-02-24 13:12:39,187 - ClasspathResourceLoader : initialization starting.
2015-02-24 13:12:39,187 - ClasspathResourceLoader : initialization complete.
2015-02-24 13:12:39,189 - ResourceCache : initialized. (class org.apache.velocity.runtime.resource.ResourceCacheImpl)
2015-02-24 13:12:39,189 - Default ResourceManager initialization complete.
2015-02-24 13:12:39,193 - Loaded System Directive: org.apache.velocity.runtime.directive.Literal
2015-02-24 13:12:39,195 - Loaded System Directive: org.apache.velocity.runtime.directive.Macro
2015-02-24 13:12:39,198 - Loaded System Directive: org.apache.velocity.runtime.directive.Parse
2015-02-24 13:12:39,200 - Loaded System Directive: org.apache.velocity.runtime.directive.Include
2015-02-24 13:12:39,201 - Loaded System Directive: org.apache.velocity.runtime.directive.Foreach
2015-02-24 13:12:39,233 - Created: 20 parsers.
2015-02-24 13:12:39,242 - Velocimacro : initialization starting.
2015-02-24 13:12:39,242 - Velocimacro : adding VMs from VM library template : VM_global_library.vm
2015-02-24 13:12:39,251 - ResourceManager : unable to find resource 'VM_global_library.vm' in any resource loader.
2015-02-24 13:12:39,251 - Velocimacro : error using  VM library template VM_global_library.vm : org.apache.velocity.exception.ResourceNotFoundException: Unable to find resource 'VM_global_library.vm'
2015-02-24 13:12:39,252 - Velocimacro :  VM library template macro registration complete.
2015-02-24 13:12:39,252 - Velocimacro : allowInline = true : VMs can be defined inline in templates
2015-02-24 13:12:39,252 - Velocimacro : allowInlineToOverride = false : VMs defined inline may NOT replace previous VM definitions
2015-02-24 13:12:39,252 - Velocimacro : allowInlineLocal = false : VMs defined inline will be  global in scope if allowed.
2015-02-24 13:12:39,252 - Velocimacro : messages on  : VM system will output logging messages
2015-02-24 13:12:39,252 - Velocimacro : autoload off  : VM system will not automatically reload global library macros
2015-02-24 13:12:39,252 - Velocimacro : initialization complete.
2015-02-24 13:12:39,252 - Velocity successfully started.
2015-02-24 13:16:45,613 - ResourceManager : found repast/simphony/parameter/parameters.vt with loader org.apache.velocity.runtime.resource.loader.ClasspathResourceLoader
2015-02-24 13:17:14,627 - ResourceManager : found repast/simphony/parameter/parameters.vt with loader org.apache.velocity.runtime.resource.loader.ClasspathResourceLoader
2015-02-24 13:17:37,928 - ResourceManager : found repast/simphony/parameter/parameters.vt with loader org.apache.velocity.runtime.resource.loader.ClasspathResourceLoader
2015-02-24 13:18:09,124 - ResourceManager : found repast/simphony/parameter/parameters.vt with loader org.apache.velocity.runtime.resource.loader.ClasspathResourceLoader
2015-02-24 13:18:35,791 - ResourceManager : found repast/simphony/parameter/parameters.vt with loader org.apache.velocity.runtime.resource.loader.ClasspathResourceLoader
2015-02-24 13:18:53,174 - ResourceManager : found repast/simphony/parameter/parameters.vt with loader org.apache.velocity.runtime.resource.loader.ClasspathResourceLoader
2015-02-24 13:19:07,691 - ResourceManager : found repast/simphony/parameter/parameters.vt with loader org.apache.velocity.runtime.resource.loader.ClasspathResourceLoader
2015-02-24 13:19:40,197 - ResourceManager : found repast/simphony/parameter/parameters.vt with loader org.apache.velocity.runtime.resource.loader.ClasspathResourceLoader
2015-02-24 13:20:42,877 - ResourceManager : found repast/simphony/parameter/parameters.vt with loader org.apache.velocity.runtime.resource.loader.ClasspathResourceLoader
2015-02-24 13:21:06,450 - ResourceManager : found repast/simphony/parameter/parameters.vt with loader org.apache.velocity.runtime.resource.loader.ClasspathResourceLoader
2015-02-24 13:21:27,801 - SimpleLog4JLogSystem initialized using logfile 'velocity.log'
2015-02-24 13:21:27,802 - ************************************************************** 
2015-02-24 13:21:27,802 - Starting Jakarta Velocity v1.4
2015-02-24 13:21:27,802 - RuntimeInstance initializing.
2015-02-24 13:21:27,802 - Default Properties File: org\apache\velocity\runtime\defaults\velocity.properties
2015-02-24 13:21:27,802 - Trying to use logger class org.apache.velocity.runtime.log.SimpleLog4JLogSystem
2015-02-24 13:21:27,802 - Using logger class org.apache.velocity.runtime.log.SimpleLog4JLogSystem
2015-02-24 13:21:27,805 - Default ResourceManager initializing. (class org.apache.velocity.runtime.resource.ResourceManagerImpl)
2015-02-24 13:21:27,809 - Resource Loader Instantiated: org.apache.velocity.runtime.resource.loader.ClasspathResourceLoader
2015-02-24 13:21:27,809 - ClasspathResourceLoader : initialization starting.
2015-02-24 13:21:27,809 - ClasspathResourceLoader : initialization complete.
2015-02-24 13:21:27,812 - ResourceCache : initialized. (class org.apache.velocity.runtime.resource.ResourceCacheImpl)
2015-02-24 13:21:27,812 - Default ResourceManager initialization complete.
2015-02-24 13:21:27,818 - Loaded System Directive: org.apache.velocity.runtime.directive.Literal
2015-02-24 13:21:27,822 - Loaded System Directive: org.apache.velocity.runtime.directive.Macro
2015-02-24 13:21:27,826 - Loaded System Directive: org.apache.velocity.runtime.directive.Parse
2015-02-24 13:21:27,828 - Loaded System Directive: org.apache.velocity.runtime.directive.Include
2015-02-24 13:21:27,829 - Loaded System Directive: org.apache.velocity.runtime.directive.Foreach
2015-02-24 13:21:27,863 - Created: 20 parsers.
2015-02-24 13:21:27,874 - Velocimacro : initialization starting.
2015-02-24 13:21:27,874 - Velocimacro : adding VMs from VM library template : VM_global_library.vm
2015-02-24 13:21:27,880 - ResourceManager : unable to find resource 'VM_global_library.vm' in any resource loader.
2015-02-24 13:21:27,880 - Velocimacro : error using  VM library template VM_global_library.vm : org.apache.velocity.exception.ResourceNotFoundException: Unable to find resource 'VM_global_library.vm'
2015-02-24 13:21:27,880 - Velocimacro :  VM library template macro registration complete.
2015-02-24 13:21:27,880 - Velocimacro : allowInline = true : VMs can be defined inline in templates
2015-02-24 13:21:27,880 - Velocimacro : allowInlineToOverride = false : VMs defined inline may NOT replace previous VM definitions
2015-02-24 13:21:27,880 - Velocimacro : allowInlineLocal = false : VMs defined inline will be  global in scope if allowed.
2015-02-24 13:21:27,880 - Velocimacro : messages on  : VM system will output logging messages
2015-02-24 13:21:27,880 - Velocimacro : autoload off  : VM system will not automatically reload global library macros
2015-02-24 13:21:27,880 - Velocimacro : initialization complete.
2015-02-24 13:21:27,880 - Velocity successfully started.
2015-02-24 13:22:23,794 - ResourceManager : found repast/simphony/parameter/parameters.vt with loader org.apache.velocity.runtime.resource.loader.ClasspathResourceLoader
2015-02-24 13:22:45,750 - ResourceManager : found repast/simphony/parameter/parameters.vt with loader org.apache.velocity.runtime.resource.loader.ClasspathResourceLoader
2015-02-24 13:23:55,646 - SimpleLog4JLogSystem initialized using logfile 'velocity.log'
2015-02-24 13:23:55,647 - ************************************************************** 
2015-02-24 13:23:55,647 - Starting Jakarta Velocity v1.4
2015-02-24 13:23:55,647 - RuntimeInstance initializing.
2015-02-24 13:23:55,647 - Default Properties File: org\apache\velocity\runtime\defaults\velocity.properties
2015-02-24 13:23:55,647 - Trying to use logger class org.apache.velocity.runtime.log.SimpleLog4JLogSystem
2015-02-24 13:23:55,647 - Using logger class org.apache.velocity.runtime.log.SimpleLog4JLogSystem
2015-02-24 13:23:55,651 - Default ResourceManager initializing. (class org.apache.velocity.runtime.resource.ResourceManagerImpl)
2015-02-24 13:23:55,656 - Resource Loader Instantiated: org.apache.velocity.runtime.resource.loader.ClasspathResourceLoader
2015-02-24 13:23:55,656 - ClasspathResourceLoader : initialization starting.
2015-02-24 13:23:55,656 - ClasspathResourceLoader : initialization complete.
2015-02-24 13:23:55,659 - ResourceCache : initialized. (class org.apache.velocity.runtime.resource.ResourceCacheImpl)
2015-02-24 13:23:55,659 - Default ResourceManager initialization complete.
2015-02-24 13:23:55,664 - Loaded System Directive: org.apache.velocity.runtime.directive.Literal
2015-02-24 13:23:55,667 - Loaded System Directive: org.apache.velocity.runtime.directive.Macro
2015-02-24 13:23:55,675 - Loaded System Directive: org.apache.velocity.runtime.directive.Parse
2015-02-24 13:23:55,680 - Loaded System Directive: org.apache.velocity.runtime.directive.Include
2015-02-24 13:23:55,684 - Loaded System Directive: org.apache.velocity.runtime.directive.Foreach
2015-02-24 13:23:55,724 - Created: 20 parsers.
2015-02-24 13:23:55,739 - Velocimacro : initialization starting.
2015-02-24 13:23:55,739 - Velocimacro : adding VMs from VM library template : VM_global_library.vm
2015-02-24 13:23:55,748 - ResourceManager : unable to find resource 'VM_global_library.vm' in any resource loader.
2015-02-24 13:23:55,748 - Velocimacro : error using  VM library template VM_global_library.vm : org.apache.velocity.exception.ResourceNotFoundException: Unable to find resource 'VM_global_library.vm'
2015-02-24 13:23:55,748 - Velocimacro :  VM library template macro registration complete.
2015-02-24 13:23:55,748 - Velocimacro : allowInline = true : VMs can be defined inline in templates
2015-02-24 13:23:55,748 - Velocimacro : allowInlineToOverride = false : VMs defined inline may NOT replace previous VM definitions
2015-02-24 13:23:55,749 - Velocimacro : allowInlineLocal = false : VMs defined inline will be  global in scope if allowed.
2015-02-24 13:23:55,749 - Velocimacro : messages on  : VM system will output logging messages
2015-02-24 13:23:55,749 - Velocimacro : autoload off  : VM system will not automatically reload global library macros
2015-02-24 13:23:55,749 - Velocimacro : initialization complete.
2015-02-24 13:23:55,749 - Velocity successfully started.
2015-02-24 13:25:01,603 - ResourceManager : found repast/simphony/parameter/parameters.vt with loader org.apache.velocity.runtime.resource.loader.ClasspathResourceLoader
2015-02-24 13:25:16,933 - SimpleLog4JLogSystem initialized using logfile 'velocity.log'
2015-02-24 13:25:16,933 - ************************************************************** 
2015-02-24 13:25:16,933 - Starting Jakarta Velocity v1.4
2015-02-24 13:25:16,933 - RuntimeInstance initializing.
2015-02-24 13:25:16,933 - Default Properties File: org\apache\velocity\runtime\defaults\velocity.properties
2015-02-24 13:25:16,933 - Trying to use logger class org.apache.velocity.runtime.log.SimpleLog4JLogSystem
2015-02-24 13:25:16,933 - Using logger class org.apache.velocity.runtime.log.SimpleLog4JLogSystem
2015-02-24 13:25:16,938 - Default ResourceManager initializing. (class org.apache.velocity.runtime.resource.ResourceManagerImpl)
2015-02-24 13:25:16,944 - Resource Loader Instantiated: org.apache.velocity.runtime.resource.loader.ClasspathResourceLoader
2015-02-24 13:25:16,944 - ClasspathResourceLoader : initialization starting.
2015-02-24 13:25:16,944 - ClasspathResourceLoader : initialization complete.
2015-02-24 13:25:16,947 - ResourceCache : initialized. (class org.apache.velocity.runtime.resource.ResourceCacheImpl)
2015-02-24 13:25:16,947 - Default ResourceManager initialization complete.
2015-02-24 13:25:16,951 - Loaded System Directive: org.apache.velocity.runtime.directive.Literal
2015-02-24 13:25:16,954 - Loaded System Directive: org.apache.velocity.runtime.directive.Macro
2015-02-24 13:25:16,961 - Loaded System Directive: org.apache.velocity.runtime.directive.Parse
2015-02-24 13:25:16,965 - Loaded System Directive: org.apache.velocity.runtime.directive.Include
2015-02-24 13:25:16,968 - Loaded System Directive: org.apache.velocity.runtime.directive.Foreach
2015-02-24 13:25:17,010 - Created: 20 parsers.
2015-02-24 13:25:17,020 - Velocimacro : initialization starting.
2015-02-24 13:25:17,020 - Velocimacro : adding VMs from VM library template : VM_global_library.vm
2015-02-24 13:25:17,030 - ResourceManager : unable to find resource 'VM_global_library.vm' in any resource loader.
2015-02-24 13:25:17,030 - Velocimacro : error using  VM library template VM_global_library.vm : org.apache.velocity.exception.ResourceNotFoundException: Unable to find resource 'VM_global_library.vm'
2015-02-24 13:25:17,030 - Velocimacro :  VM library template macro registration complete.
2015-02-24 13:25:17,030 - Velocimacro : allowInline = true : VMs can be defined inline in templates
2015-02-24 13:25:17,030 - Velocimacro : allowInlineToOverride = false : VMs defined inline may NOT replace previous VM definitions
2015-02-24 13:25:17,030 - Velocimacro : allowInlineLocal = false : VMs defined inline will be  global in scope if allowed.
2015-02-24 13:25:17,030 - Velocimacro : messages on  : VM system will output logging messages
2015-02-24 13:25:17,030 - Velocimacro : autoload off  : VM system will not automatically reload global library macros
2015-02-24 13:25:17,030 - Velocimacro : initialization complete.
2015-02-24 13:25:17,030 - Velocity successfully started.
2015-02-24 13:48:12,985 - SimpleLog4JLogSystem initialized using logfile 'velocity.log'
2015-02-24 13:48:12,986 - ************************************************************** 
2015-02-24 13:48:12,986 - Starting Jakarta Velocity v1.4
2015-02-24 13:48:12,986 - RuntimeInstance initializing.
2015-02-24 13:48:12,986 - Default Properties File: org\apache\velocity\runtime\defaults\velocity.properties
2015-02-24 13:48:12,986 - Trying to use logger class org.apache.velocity.runtime.log.SimpleLog4JLogSystem
2015-02-24 13:48:12,986 - Using logger class org.apache.velocity.runtime.log.SimpleLog4JLogSystem
2015-02-24 13:48:12,990 - Default ResourceManager initializing. (class org.apache.velocity.runtime.resource.ResourceManagerImpl)
2015-02-24 13:48:12,995 - Resource Loader Instantiated: org.apache.velocity.runtime.resource.loader.ClasspathResourceLoader
2015-02-24 13:48:12,995 - ClasspathResourceLoader : initialization starting.
2015-02-24 13:48:12,995 - ClasspathResourceLoader : initialization complete.
2015-02-24 13:48:12,997 - ResourceCache : initialized. (class org.apache.velocity.runtime.resource.ResourceCacheImpl)
2015-02-24 13:48:12,997 - Default ResourceManager initialization complete.
2015-02-24 13:48:13,005 - Loaded System Directive: org.apache.velocity.runtime.directive.Literal
2015-02-24 13:48:13,010 - Loaded System Directive: org.apache.velocity.runtime.directive.Macro
2015-02-24 13:48:13,016 - Loaded System Directive: org.apache.velocity.runtime.directive.Parse
2015-02-24 13:48:13,018 - Loaded System Directive: org.apache.velocity.runtime.directive.Include
2015-02-24 13:48:13,020 - Loaded System Directive: org.apache.velocity.runtime.directive.Foreach
2015-02-24 13:48:13,062 - Created: 20 parsers.
2015-02-24 13:48:13,074 - Velocimacro : initialization starting.
2015-02-24 13:48:13,074 - Velocimacro : adding VMs from VM library template : VM_global_library.vm
2015-02-24 13:48:13,082 - ResourceManager : unable to find resource 'VM_global_library.vm' in any resource loader.
2015-02-24 13:48:13,082 - Velocimacro : error using  VM library template VM_global_library.vm : org.apache.velocity.exception.ResourceNotFoundException: Unable to find resource 'VM_global_library.vm'
2015-02-24 13:48:13,082 - Velocimacro :  VM library template macro registration complete.
2015-02-24 13:48:13,082 - Velocimacro : allowInline = true : VMs can be defined inline in templates
2015-02-24 13:48:13,082 - Velocimacro : allowInlineToOverride = false : VMs defined inline may NOT replace previous VM definitions
2015-02-24 13:48:13,082 - Velocimacro : allowInlineLocal = false : VMs defined inline will be  global in scope if allowed.
2015-02-24 13:48:13,083 - Velocimacro : messages on  : VM system will output logging messages
2015-02-24 13:48:13,083 - Velocimacro : autoload off  : VM system will not automatically reload global library macros
2015-02-24 13:48:13,083 - Velocimacro : initialization complete.
2015-02-24 13:48:13,083 - Velocity successfully started.
2015-02-24 13:54:58,558 - SimpleLog4JLogSystem initialized using logfile 'velocity.log'
2015-02-24 13:54:58,559 - ************************************************************** 
2015-02-24 13:54:58,559 - Starting Jakarta Velocity v1.4
2015-02-24 13:54:58,559 - RuntimeInstance initializing.
2015-02-24 13:54:58,559 - Default Properties File: org\apache\velocity\runtime\defaults\velocity.properties
2015-02-24 13:54:58,559 - Trying to use logger class org.apache.velocity.runtime.log.SimpleLog4JLogSystem
2015-02-24 13:54:58,559 - Using logger class org.apache.velocity.runtime.log.SimpleLog4JLogSystem
2015-02-24 13:54:58,563 - Default ResourceManager initializing. (class org.apache.velocity.runtime.resource.ResourceManagerImpl)
2015-02-24 13:54:58,569 - Resource Loader Instantiated: org.apache.velocity.runtime.resource.loader.ClasspathResourceLoader
2015-02-24 13:54:58,569 - ClasspathResourceLoader : initialization starting.
2015-02-24 13:54:58,569 - ClasspathResourceLoader : initialization complete.
2015-02-24 13:54:58,573 - ResourceCache : initialized. (class org.apache.velocity.runtime.resource.ResourceCacheImpl)
2015-02-24 13:54:58,573 - Default ResourceManager initialization complete.
2015-02-24 13:54:58,580 - Loaded System Directive: org.apache.velocity.runtime.directive.Literal
2015-02-24 13:54:58,583 - Loaded System Directive: org.apache.velocity.runtime.directive.Macro
2015-02-24 13:54:58,587 - Loaded System Directive: org.apache.velocity.runtime.directive.Parse
2015-02-24 13:54:58,590 - Loaded System Directive: org.apache.velocity.runtime.directive.Include
2015-02-24 13:54:58,591 - Loaded System Directive: org.apache.velocity.runtime.directive.Foreach
2015-02-24 13:54:58,632 - Created: 20 parsers.
2015-02-24 13:54:58,644 - Velocimacro : initialization starting.
2015-02-24 13:54:58,645 - Velocimacro : adding VMs from VM library template : VM_global_library.vm
2015-02-24 13:54:58,658 - ResourceManager : unable to find resource 'VM_global_library.vm' in any resource loader.
2015-02-24 13:54:58,658 - Velocimacro : error using  VM library template VM_global_library.vm : org.apache.velocity.exception.ResourceNotFoundException: Unable to find resource 'VM_global_library.vm'
2015-02-24 13:54:58,658 - Velocimacro :  VM library template macro registration complete.
2015-02-24 13:54:58,658 - Velocimacro : allowInline = true : VMs can be defined inline in templates
2015-02-24 13:54:58,658 - Velocimacro : allowInlineToOverride = false : VMs defined inline may NOT replace previous VM definitions
2015-02-24 13:54:58,658 - Velocimacro : allowInlineLocal = false : VMs defined inline will be  global in scope if allowed.
2015-02-24 13:54:58,658 - Velocimacro : messages on  : VM system will output logging messages
2015-02-24 13:54:58,658 - Velocimacro : autoload off  : VM system will not automatically reload global library macros
2015-02-24 13:54:58,658 - Velocimacro : initialization complete.
2015-02-24 13:54:58,658 - Velocity successfully started.
2015-02-24 14:25:12,514 - SimpleLog4JLogSystem initialized using logfile 'velocity.log'
2015-02-24 14:25:12,515 - ************************************************************** 
2015-02-24 14:25:12,515 - Starting Jakarta Velocity v1.4
2015-02-24 14:25:12,515 - RuntimeInstance initializing.
2015-02-24 14:25:12,515 - Default Properties File: org\apache\velocity\runtime\defaults\velocity.properties
2015-02-24 14:25:12,515 - Trying to use logger class org.apache.velocity.runtime.log.SimpleLog4JLogSystem
2015-02-24 14:25:12,515 - Using logger class org.apache.velocity.runtime.log.SimpleLog4JLogSystem
2015-02-24 14:25:12,519 - Default ResourceManager initializing. (class org.apache.velocity.runtime.resource.ResourceManagerImpl)
2015-02-24 14:25:12,523 - Resource Loader Instantiated: org.apache.velocity.runtime.resource.loader.ClasspathResourceLoader
2015-02-24 14:25:12,523 - ClasspathResourceLoader : initialization starting.
2015-02-24 14:25:12,523 - ClasspathResourceLoader : initialization complete.
2015-02-24 14:25:12,525 - ResourceCache : initialized. (class org.apache.velocity.runtime.resource.ResourceCacheImpl)
2015-02-24 14:25:12,525 - Default ResourceManager initialization complete.
2015-02-24 14:25:12,530 - Loaded System Directive: org.apache.velocity.runtime.directive.Literal
2015-02-24 14:25:12,532 - Loaded System Directive: org.apache.velocity.runtime.directive.Macro
2015-02-24 14:25:12,537 - Loaded System Directive: org.apache.velocity.runtime.directive.Parse
2015-02-24 14:25:12,540 - Loaded System Directive: org.apache.velocity.runtime.directive.Include
2015-02-24 14:25:12,543 - Loaded System Directive: org.apache.velocity.runtime.directive.Foreach
2015-02-24 14:25:12,588 - Created: 20 parsers.
2015-02-24 14:25:12,603 - Velocimacro : initialization starting.
2015-02-24 14:25:12,603 - Velocimacro : adding VMs from VM library template : VM_global_library.vm
2015-02-24 14:25:12,611 - ResourceManager : unable to find resource 'VM_global_library.vm' in any resource loader.
2015-02-24 14:25:12,611 - Velocimacro : error using  VM library template VM_global_library.vm : org.apache.velocity.exception.ResourceNotFoundException: Unable to find resource 'VM_global_library.vm'
2015-02-24 14:25:12,611 - Velocimacro :  VM library template macro registration complete.
2015-02-24 14:25:12,611 - Velocimacro : allowInline = true : VMs can be defined inline in templates
2015-02-24 14:25:12,611 - Velocimacro : allowInlineToOverride = false : VMs defined inline may NOT replace previous VM definitions
2015-02-24 14:25:12,611 - Velocimacro : allowInlineLocal = false : VMs defined inline will be  global in scope if allowed.
2015-02-24 14:25:12,611 - Velocimacro : messages on  : VM system will output logging messages
2015-02-24 14:25:12,612 - Velocimacro : autoload off  : VM system will not automatically reload global library macros
2015-02-24 14:25:12,612 - Velocimacro : initialization complete.
2015-02-24 14:25:12,612 - Velocity successfully started.
2015-02-24 15:03:00,826 - SimpleLog4JLogSystem initialized using logfile 'velocity.log'
2015-02-24 15:03:00,826 - ************************************************************** 
2015-02-24 15:03:00,826 - Starting Jakarta Velocity v1.4
2015-02-24 15:03:00,826 - RuntimeInstance initializing.
2015-02-24 15:03:00,826 - Default Properties File: org\apache\velocity\runtime\defaults\velocity.properties
2015-02-24 15:03:00,826 - Trying to use logger class org.apache.velocity.runtime.log.SimpleLog4JLogSystem
2015-02-24 15:03:00,826 - Using logger class org.apache.velocity.runtime.log.SimpleLog4JLogSystem
2015-02-24 15:03:00,830 - Default ResourceManager initializing. (class org.apache.velocity.runtime.resource.ResourceManagerImpl)
2015-02-24 15:03:00,834 - Resource Loader Instantiated: org.apache.velocity.runtime.resource.loader.ClasspathResourceLoader
2015-02-24 15:03:00,834 - ClasspathResourceLoader : initialization starting.
2015-02-24 15:03:00,834 - ClasspathResourceLoader : initialization complete.
2015-02-24 15:03:00,837 - ResourceCache : initialized. (class org.apache.velocity.runtime.resource.ResourceCacheImpl)
2015-02-24 15:03:00,837 - Default ResourceManager initialization complete.
2015-02-24 15:03:00,841 - Loaded System Directive: org.apache.velocity.runtime.directive.Literal
2015-02-24 15:03:00,843 - Loaded System Directive: org.apache.velocity.runtime.directive.Macro
2015-02-24 15:03:00,847 - Loaded System Directive: org.apache.velocity.runtime.directive.Parse
2015-02-24 15:03:00,849 - Loaded System Directive: org.apache.velocity.runtime.directive.Include
2015-02-24 15:03:00,851 - Loaded System Directive: org.apache.velocity.runtime.directive.Foreach
2015-02-24 15:03:00,887 - Created: 20 parsers.
2015-02-24 15:03:00,900 - Velocimacro : initialization starting.
2015-02-24 15:03:00,901 - Velocimacro : adding VMs from VM library template : VM_global_library.vm
2015-02-24 15:03:00,909 - ResourceManager : unable to find resource 'VM_global_library.vm' in any resource loader.
2015-02-24 15:03:00,910 - Velocimacro : error using  VM library template VM_global_library.vm : org.apache.velocity.exception.ResourceNotFoundException: Unable to find resource 'VM_global_library.vm'
2015-02-24 15:03:00,910 - Velocimacro :  VM library template macro registration complete.
2015-02-24 15:03:00,910 - Velocimacro : allowInline = true : VMs can be defined inline in templates
2015-02-24 15:03:00,910 - Velocimacro : allowInlineToOverride = false : VMs defined inline may NOT replace previous VM definitions
2015-02-24 15:03:00,910 - Velocimacro : allowInlineLocal = false : VMs defined inline will be  global in scope if allowed.
2015-02-24 15:03:00,910 - Velocimacro : messages on  : VM system will output logging messages
2015-02-24 15:03:00,910 - Velocimacro : autoload off  : VM system will not automatically reload global library macros
2015-02-24 15:03:00,910 - Velocimacro : initialization complete.
2015-02-24 15:03:00,910 - Velocity successfully started.
2015-03-23 11:46:34,074 - SimpleLog4JLogSystem initialized using logfile 'velocity.log'
2015-03-23 11:46:34,090 - ************************************************************** 
2015-03-23 11:46:34,090 - Starting Jakarta Velocity v1.4
2015-03-23 11:46:34,090 - RuntimeInstance initializing.
2015-03-23 11:46:34,090 - Default Properties File: org\apache\velocity\runtime\defaults\velocity.properties
2015-03-23 11:46:34,090 - Trying to use logger class org.apache.velocity.runtime.log.SimpleLog4JLogSystem
2015-03-23 11:46:34,090 - Using logger class org.apache.velocity.runtime.log.SimpleLog4JLogSystem
2015-03-23 11:46:34,094 - Default ResourceManager initializing. (class org.apache.velocity.runtime.resource.ResourceManagerImpl)
2015-03-23 11:46:34,097 - Resource Loader Instantiated: org.apache.velocity.runtime.resource.loader.ClasspathResourceLoader
2015-03-23 11:46:34,097 - ClasspathResourceLoader : initialization starting.
2015-03-23 11:46:34,097 - ClasspathResourceLoader : initialization complete.
2015-03-23 11:46:34,099 - ResourceCache : initialized. (class org.apache.velocity.runtime.resource.ResourceCacheImpl)
2015-03-23 11:46:34,099 - Default ResourceManager initialization complete.
2015-03-23 11:46:34,103 - Loaded System Directive: org.apache.velocity.runtime.directive.Literal
2015-03-23 11:46:34,105 - Loaded System Directive: org.apache.velocity.runtime.directive.Macro
2015-03-23 11:46:34,108 - Loaded System Directive: org.apache.velocity.runtime.directive.Parse
2015-03-23 11:46:34,110 - Loaded System Directive: org.apache.velocity.runtime.directive.Include
2015-03-23 11:46:34,111 - Loaded System Directive: org.apache.velocity.runtime.directive.Foreach
2015-03-23 11:46:34,134 - Created: 20 parsers.
2015-03-23 11:46:34,143 - Velocimacro : initialization starting.
2015-03-23 11:46:34,143 - Velocimacro : adding VMs from VM library template : VM_global_library.vm
2015-03-23 11:46:34,149 - ResourceManager : unable to find resource 'VM_global_library.vm' in any resource loader.
2015-03-23 11:46:34,149 - Velocimacro : error using  VM library template VM_global_library.vm : org.apache.velocity.exception.ResourceNotFoundException: Unable to find resource 'VM_global_library.vm'
2015-03-23 11:46:34,149 - Velocimacro :  VM library template macro registration complete.
2015-03-23 11:46:34,149 - Velocimacro : allowInline = true : VMs can be defined inline in templates
2015-03-23 11:46:34,149 - Velocimacro : allowInlineToOverride = false : VMs defined inline may NOT replace previous VM definitions
2015-03-23 11:46:34,149 - Velocimacro : allowInlineLocal = false : VMs defined inline will be  global in scope if allowed.
2015-03-23 11:46:34,149 - Velocimacro : messages on  : VM system will output logging messages
2015-03-23 11:46:34,149 - Velocimacro : autoload off  : VM system will not automatically reload global library macros
2015-03-23 11:46:34,149 - Velocimacro : initialization complete.
2015-03-23 11:46:34,149 - Velocity successfully started.
2015-03-27 02:11:50,602 - SimpleLog4JLogSystem initialized using logfile 'velocity.log'
2015-03-27 02:11:50,614 - ************************************************************** 
2015-03-27 02:11:50,614 - Starting Jakarta Velocity v1.4
2015-03-27 02:11:50,614 - RuntimeInstance initializing.
2015-03-27 02:11:50,614 - Default Properties File: org\apache\velocity\runtime\defaults\velocity.properties
2015-03-27 02:11:50,614 - Trying to use logger class org.apache.velocity.runtime.log.SimpleLog4JLogSystem
2015-03-27 02:11:50,614 - Using logger class org.apache.velocity.runtime.log.SimpleLog4JLogSystem
2015-03-27 02:11:50,618 - Default ResourceManager initializing. (class org.apache.velocity.runtime.resource.ResourceManagerImpl)
2015-03-27 02:11:50,622 - Resource Loader Instantiated: org.apache.velocity.runtime.resource.loader.ClasspathResourceLoader
2015-03-27 02:11:50,622 - ClasspathResourceLoader : initialization starting.
2015-03-27 02:11:50,622 - ClasspathResourceLoader : initialization complete.
2015-03-27 02:11:50,624 - ResourceCache : initialized. (class org.apache.velocity.runtime.resource.ResourceCacheImpl)
2015-03-27 02:11:50,624 - Default ResourceManager initialization complete.
2015-03-27 02:11:50,627 - Loaded System Directive: org.apache.velocity.runtime.directive.Literal
2015-03-27 02:11:50,629 - Loaded System Directive: org.apache.velocity.runtime.directive.Macro
2015-03-27 02:11:50,631 - Loaded System Directive: org.apache.velocity.runtime.directive.Parse
2015-03-27 02:11:50,634 - Loaded System Directive: org.apache.velocity.runtime.directive.Include
2015-03-27 02:11:50,635 - Loaded System Directive: org.apache.velocity.runtime.directive.Foreach
2015-03-27 02:11:50,660 - Created: 20 parsers.
2015-03-27 02:11:50,668 - Velocimacro : initialization starting.
2015-03-27 02:11:50,668 - Velocimacro : adding VMs from VM library template : VM_global_library.vm
2015-03-27 02:11:50,673 - ResourceManager : unable to find resource 'VM_global_library.vm' in any resource loader.
2015-03-27 02:11:50,673 - Velocimacro : error using  VM library template VM_global_library.vm : org.apache.velocity.exception.ResourceNotFoundException: Unable to find resource 'VM_global_library.vm'
2015-03-27 02:11:50,673 - Velocimacro :  VM library template macro registration complete.
2015-03-27 02:11:50,673 - Velocimacro : allowInline = true : VMs can be defined inline in templates
2015-03-27 02:11:50,673 - Velocimacro : allowInlineToOverride = false : VMs defined inline may NOT replace previous VM definitions
2015-03-27 02:11:50,673 - Velocimacro : allowInlineLocal = false : VMs defined inline will be  global in scope if allowed.
2015-03-27 02:11:50,673 - Velocimacro : messages on  : VM system will output logging messages
2015-03-27 02:11:50,673 - Velocimacro : autoload off  : VM system will not automatically reload global library macros
2015-03-27 02:11:50,674 - Velocimacro : initialization complete.
2015-03-27 02:11:50,674 - Velocity successfully started.
2015-03-27 02:32:07,652 - SimpleLog4JLogSystem initialized using logfile 'velocity.log'
2015-03-27 02:32:07,652 - ************************************************************** 
2015-03-27 02:32:07,652 - Starting Jakarta Velocity v1.4
2015-03-27 02:32:07,652 - RuntimeInstance initializing.
2015-03-27 02:32:07,652 - Default Properties File: org\apache\velocity\runtime\defaults\velocity.properties
2015-03-27 02:32:07,652 - Trying to use logger class org.apache.velocity.runtime.log.SimpleLog4JLogSystem
2015-03-27 02:32:07,652 - Using logger class org.apache.velocity.runtime.log.SimpleLog4JLogSystem
2015-03-27 02:32:07,655 - Default ResourceManager initializing. (class org.apache.velocity.runtime.resource.ResourceManagerImpl)
2015-03-27 02:32:07,658 - Resource Loader Instantiated: org.apache.velocity.runtime.resource.loader.ClasspathResourceLoader
2015-03-27 02:32:07,659 - ClasspathResourceLoader : initialization starting.
2015-03-27 02:32:07,659 - ClasspathResourceLoader : initialization complete.
2015-03-27 02:32:07,662 - ResourceCache : initialized. (class org.apache.velocity.runtime.resource.ResourceCacheImpl)
2015-03-27 02:32:07,663 - Default ResourceManager initialization complete.
2015-03-27 02:32:07,667 - Loaded System Directive: org.apache.velocity.runtime.directive.Literal
2015-03-27 02:32:07,669 - Loaded System Directive: org.apache.velocity.runtime.directive.Macro
2015-03-27 02:32:07,672 - Loaded System Directive: org.apache.velocity.runtime.directive.Parse
2015-03-27 02:32:07,674 - Loaded System Directive: org.apache.velocity.runtime.directive.Include
2015-03-27 02:32:07,675 - Loaded System Directive: org.apache.velocity.runtime.directive.Foreach
2015-03-27 02:32:07,700 - Created: 20 parsers.
2015-03-27 02:32:07,710 - Velocimacro : initialization starting.
2015-03-27 02:32:07,711 - Velocimacro : adding VMs from VM library template : VM_global_library.vm
2015-03-27 02:32:07,717 - ResourceManager : unable to find resource 'VM_global_library.vm' in any resource loader.
2015-03-27 02:32:07,717 - Velocimacro : error using  VM library template VM_global_library.vm : org.apache.velocity.exception.ResourceNotFoundException: Unable to find resource 'VM_global_library.vm'
2015-03-27 02:32:07,717 - Velocimacro :  VM library template macro registration complete.
2015-03-27 02:32:07,717 - Velocimacro : allowInline = true : VMs can be defined inline in templates
2015-03-27 02:32:07,717 - Velocimacro : allowInlineToOverride = false : VMs defined inline may NOT replace previous VM definitions
2015-03-27 02:32:07,717 - Velocimacro : allowInlineLocal = false : VMs defined inline will be  global in scope if allowed.
2015-03-27 02:32:07,717 - Velocimacro : messages on  : VM system will output logging messages
2015-03-27 02:32:07,717 - Velocimacro : autoload off  : VM system will not automatically reload global library macros
2015-03-27 02:32:07,717 - Velocimacro : initialization complete.
2015-03-27 02:32:07,717 - Velocity successfully started.
2015-03-27 03:16:46,897 - SimpleLog4JLogSystem initialized using logfile 'velocity.log'
2015-03-27 03:16:46,897 - ************************************************************** 
2015-03-27 03:16:46,897 - Starting Jakarta Velocity v1.4
2015-03-27 03:16:46,897 - RuntimeInstance initializing.
2015-03-27 03:16:46,897 - Default Properties File: org\apache\velocity\runtime\defaults\velocity.properties
2015-03-27 03:16:46,897 - Trying to use logger class org.apache.velocity.runtime.log.SimpleLog4JLogSystem
2015-03-27 03:16:46,897 - Using logger class org.apache.velocity.runtime.log.SimpleLog4JLogSystem
2015-03-27 03:16:46,903 - Default ResourceManager initializing. (class org.apache.velocity.runtime.resource.ResourceManagerImpl)
2015-03-27 03:16:46,908 - Resource Loader Instantiated: org.apache.velocity.runtime.resource.loader.ClasspathResourceLoader
2015-03-27 03:16:46,908 - ClasspathResourceLoader : initialization starting.
2015-03-27 03:16:46,908 - ClasspathResourceLoader : initialization complete.
2015-03-27 03:16:46,910 - ResourceCache : initialized. (class org.apache.velocity.runtime.resource.ResourceCacheImpl)
2015-03-27 03:16:46,910 - Default ResourceManager initialization complete.
2015-03-27 03:16:46,914 - Loaded System Directive: org.apache.velocity.runtime.directive.Literal
2015-03-27 03:16:46,917 - Loaded System Directive: org.apache.velocity.runtime.directive.Macro
2015-03-27 03:16:46,920 - Loaded System Directive: org.apache.velocity.runtime.directive.Parse
2015-03-27 03:16:46,923 - Loaded System Directive: org.apache.velocity.runtime.directive.Include
2015-03-27 03:16:46,924 - Loaded System Directive: org.apache.velocity.runtime.directive.Foreach
2015-03-27 03:16:46,957 - Created: 20 parsers.
2015-03-27 03:16:46,967 - Velocimacro : initialization starting.
2015-03-27 03:16:46,968 - Velocimacro : adding VMs from VM library template : VM_global_library.vm
2015-03-27 03:16:46,975 - ResourceManager : unable to find resource 'VM_global_library.vm' in any resource loader.
2015-03-27 03:16:46,975 - Velocimacro : error using  VM library template VM_global_library.vm : org.apache.velocity.exception.ResourceNotFoundException: Unable to find resource 'VM_global_library.vm'
2015-03-27 03:16:46,975 - Velocimacro :  VM library template macro registration complete.
2015-03-27 03:16:46,975 - Velocimacro : allowInline = true : VMs can be defined inline in templates
2015-03-27 03:16:46,975 - Velocimacro : allowInlineToOverride = false : VMs defined inline may NOT replace previous VM definitions
2015-03-27 03:16:46,975 - Velocimacro : allowInlineLocal = false : VMs defined inline will be  global in scope if allowed.
2015-03-27 03:16:46,975 - Velocimacro : messages on  : VM system will output logging messages
2015-03-27 03:16:46,975 - Velocimacro : autoload off  : VM system will not automatically reload global library macros
2015-03-27 03:16:46,975 - Velocimacro : initialization complete.
2015-03-27 03:16:46,975 - Velocity successfully started.
2015-03-27 03:25:20,089 - SimpleLog4JLogSystem initialized using logfile 'velocity.log'
2015-03-27 03:25:20,090 - ************************************************************** 
2015-03-27 03:25:20,090 - Starting Jakarta Velocity v1.4
2015-03-27 03:25:20,090 - RuntimeInstance initializing.
2015-03-27 03:25:20,090 - Default Properties File: org\apache\velocity\runtime\defaults\velocity.properties
2015-03-27 03:25:20,090 - Trying to use logger class org.apache.velocity.runtime.log.SimpleLog4JLogSystem
2015-03-27 03:25:20,090 - Using logger class org.apache.velocity.runtime.log.SimpleLog4JLogSystem
2015-03-27 03:25:20,093 - Default ResourceManager initializing. (class org.apache.velocity.runtime.resource.ResourceManagerImpl)
2015-03-27 03:25:20,096 - Resource Loader Instantiated: org.apache.velocity.runtime.resource.loader.ClasspathResourceLoader
2015-03-27 03:25:20,096 - ClasspathResourceLoader : initialization starting.
2015-03-27 03:25:20,096 - ClasspathResourceLoader : initialization complete.
2015-03-27 03:25:20,098 - ResourceCache : initialized. (class org.apache.velocity.runtime.resource.ResourceCacheImpl)
2015-03-27 03:25:20,098 - Default ResourceManager initialization complete.
2015-03-27 03:25:20,102 - Loaded System Directive: org.apache.velocity.runtime.directive.Literal
2015-03-27 03:25:20,104 - Loaded System Directive: org.apache.velocity.runtime.directive.Macro
2015-03-27 03:25:20,106 - Loaded System Directive: org.apache.velocity.runtime.directive.Parse
2015-03-27 03:25:20,108 - Loaded System Directive: org.apache.velocity.runtime.directive.Include
2015-03-27 03:25:20,109 - Loaded System Directive: org.apache.velocity.runtime.directive.Foreach
2015-03-27 03:25:20,136 - Created: 20 parsers.
2015-03-27 03:25:20,144 - Velocimacro : initialization starting.
2015-03-27 03:25:20,145 - Velocimacro : adding VMs from VM library template : VM_global_library.vm
2015-03-27 03:25:20,150 - ResourceManager : unable to find resource 'VM_global_library.vm' in any resource loader.
2015-03-27 03:25:20,150 - Velocimacro : error using  VM library template VM_global_library.vm : org.apache.velocity.exception.ResourceNotFoundException: Unable to find resource 'VM_global_library.vm'
2015-03-27 03:25:20,151 - Velocimacro :  VM library template macro registration complete.
2015-03-27 03:25:20,151 - Velocimacro : allowInline = true : VMs can be defined inline in templates
2015-03-27 03:25:20,151 - Velocimacro : allowInlineToOverride = false : VMs defined inline may NOT replace previous VM definitions
2015-03-27 03:25:20,151 - Velocimacro : allowInlineLocal = false : VMs defined inline will be  global in scope if allowed.
2015-03-27 03:25:20,151 - Velocimacro : messages on  : VM system will output logging messages
2015-03-27 03:25:20,151 - Velocimacro : autoload off  : VM system will not automatically reload global library macros
2015-03-27 03:25:20,151 - Velocimacro : initialization complete.
2015-03-27 03:25:20,151 - Velocity successfully started.
2015-03-27 08:46:17,056 - SimpleLog4JLogSystem initialized using logfile 'velocity.log'
2015-03-27 08:46:17,066 - ************************************************************** 
2015-03-27 08:46:17,066 - Starting Jakarta Velocity v1.4
2015-03-27 08:46:17,066 - RuntimeInstance initializing.
2015-03-27 08:46:17,066 - Default Properties File: org\apache\velocity\runtime\defaults\velocity.properties
2015-03-27 08:46:17,067 - Trying to use logger class org.apache.velocity.runtime.log.SimpleLog4JLogSystem
2015-03-27 08:46:17,067 - Using logger class org.apache.velocity.runtime.log.SimpleLog4JLogSystem
2015-03-27 08:46:17,080 - Default ResourceManager initializing. (class org.apache.velocity.runtime.resource.ResourceManagerImpl)
2015-03-27 08:46:17,090 - Resource Loader Instantiated: org.apache.velocity.runtime.resource.loader.ClasspathResourceLoader
2015-03-27 08:46:17,091 - ClasspathResourceLoader : initialization starting.
2015-03-27 08:46:17,091 - ClasspathResourceLoader : initialization complete.
2015-03-27 08:46:17,096 - ResourceCache : initialized. (class org.apache.velocity.runtime.resource.ResourceCacheImpl)
2015-03-27 08:46:17,096 - Default ResourceManager initialization complete.
2015-03-27 08:46:17,102 - Loaded System Directive: org.apache.velocity.runtime.directive.Literal
2015-03-27 08:46:17,105 - Loaded System Directive: org.apache.velocity.runtime.directive.Macro
2015-03-27 08:46:17,110 - Loaded System Directive: org.apache.velocity.runtime.directive.Parse
2015-03-27 08:46:17,113 - Loaded System Directive: org.apache.velocity.runtime.directive.Include
2015-03-27 08:46:17,115 - Loaded System Directive: org.apache.velocity.runtime.directive.Foreach
2015-03-27 08:46:17,144 - Created: 20 parsers.
2015-03-27 08:46:17,151 - Velocimacro : initialization starting.
2015-03-27 08:46:17,151 - Velocimacro : adding VMs from VM library template : VM_global_library.vm
2015-03-27 08:46:17,157 - ResourceManager : unable to find resource 'VM_global_library.vm' in any resource loader.
2015-03-27 08:46:17,157 - Velocimacro : error using  VM library template VM_global_library.vm : org.apache.velocity.exception.ResourceNotFoundException: Unable to find resource 'VM_global_library.vm'
2015-03-27 08:46:17,157 - Velocimacro :  VM library template macro registration complete.
2015-03-27 08:46:17,157 - Velocimacro : allowInline = true : VMs can be defined inline in templates
2015-03-27 08:46:17,157 - Velocimacro : allowInlineToOverride = false : VMs defined inline may NOT replace previous VM definitions
2015-03-27 08:46:17,157 - Velocimacro : allowInlineLocal = false : VMs defined inline will be  global in scope if allowed.
2015-03-27 08:46:17,157 - Velocimacro : messages on  : VM system will output logging messages
2015-03-27 08:46:17,157 - Velocimacro : autoload off  : VM system will not automatically reload global library macros
2015-03-27 08:46:17,157 - Velocimacro : initialization complete.
2015-03-27 08:46:17,157 - Velocity successfully started.
2015-03-27 08:53:28,909 - ResourceManager : found repast/simphony/scenario/Scenario.vt with loader org.apache.velocity.runtime.resource.loader.ClasspathResourceLoader
2015-03-27 08:55:11,602 - SimpleLog4JLogSystem initialized using logfile 'velocity.log'
2015-03-27 08:55:11,602 - ************************************************************** 
2015-03-27 08:55:11,602 - Starting Jakarta Velocity v1.4
2015-03-27 08:55:11,602 - RuntimeInstance initializing.
2015-03-27 08:55:11,602 - Default Properties File: org\apache\velocity\runtime\defaults\velocity.properties
2015-03-27 08:55:11,602 - Trying to use logger class org.apache.velocity.runtime.log.SimpleLog4JLogSystem
2015-03-27 08:55:11,602 - Using logger class org.apache.velocity.runtime.log.SimpleLog4JLogSystem
2015-03-27 08:55:11,605 - Default ResourceManager initializing. (class org.apache.velocity.runtime.resource.ResourceManagerImpl)
2015-03-27 08:55:11,608 - Resource Loader Instantiated: org.apache.velocity.runtime.resource.loader.ClasspathResourceLoader
2015-03-27 08:55:11,608 - ClasspathResourceLoader : initialization starting.
2015-03-27 08:55:11,608 - ClasspathResourceLoader : initialization complete.
2015-03-27 08:55:11,609 - ResourceCache : initialized. (class org.apache.velocity.runtime.resource.ResourceCacheImpl)
2015-03-27 08:55:11,610 - Default ResourceManager initialization complete.
2015-03-27 08:55:11,612 - Loaded System Directive: org.apache.velocity.runtime.directive.Literal
2015-03-27 08:55:11,614 - Loaded System Directive: org.apache.velocity.runtime.directive.Macro
2015-03-27 08:55:11,617 - Loaded System Directive: org.apache.velocity.runtime.directive.Parse
2015-03-27 08:55:11,619 - Loaded System Directive: org.apache.velocity.runtime.directive.Include
2015-03-27 08:55:11,620 - Loaded System Directive: org.apache.velocity.runtime.directive.Foreach
2015-03-27 08:55:11,643 - Created: 20 parsers.
2015-03-27 08:55:11,651 - Velocimacro : initialization starting.
2015-03-27 08:55:11,651 - Velocimacro : adding VMs from VM library template : VM_global_library.vm
2015-03-27 08:55:11,657 - ResourceManager : unable to find resource 'VM_global_library.vm' in any resource loader.
2015-03-27 08:55:11,657 - Velocimacro : error using  VM library template VM_global_library.vm : org.apache.velocity.exception.ResourceNotFoundException: Unable to find resource 'VM_global_library.vm'
2015-03-27 08:55:11,657 - Velocimacro :  VM library template macro registration complete.
2015-03-27 08:55:11,657 - Velocimacro : allowInline = true : VMs can be defined inline in templates
2015-03-27 08:55:11,657 - Velocimacro : allowInlineToOverride = false : VMs defined inline may NOT replace previous VM definitions
2015-03-27 08:55:11,657 - Velocimacro : allowInlineLocal = false : VMs defined inline will be  global in scope if allowed.
2015-03-27 08:55:11,657 - Velocimacro : messages on  : VM system will output logging messages
2015-03-27 08:55:11,657 - Velocimacro : autoload off  : VM system will not automatically reload global library macros
2015-03-27 08:55:11,657 - Velocimacro : initialization complete.
2015-03-27 08:55:11,657 - Velocity successfully started.
2015-03-27 09:06:11,704 - ResourceManager : found repast/simphony/scenario/Scenario.vt with loader org.apache.velocity.runtime.resource.loader.ClasspathResourceLoader
2015-03-27 09:08:21,903 - SimpleLog4JLogSystem initialized using logfile 'velocity.log'
2015-03-27 09:08:21,903 - ************************************************************** 
2015-03-27 09:08:21,903 - Starting Jakarta Velocity v1.4
2015-03-27 09:08:21,904 - RuntimeInstance initializing.
2015-03-27 09:08:21,904 - Default Properties File: org\apache\velocity\runtime\defaults\velocity.properties
2015-03-27 09:08:21,904 - Trying to use logger class org.apache.velocity.runtime.log.SimpleLog4JLogSystem
2015-03-27 09:08:21,904 - Using logger class org.apache.velocity.runtime.log.SimpleLog4JLogSystem
2015-03-27 09:08:21,908 - Default ResourceManager initializing. (class org.apache.velocity.runtime.resource.ResourceManagerImpl)
2015-03-27 09:08:21,911 - Resource Loader Instantiated: org.apache.velocity.runtime.resource.loader.ClasspathResourceLoader
2015-03-27 09:08:21,912 - ClasspathResourceLoader : initialization starting.
2015-03-27 09:08:21,912 - ClasspathResourceLoader : initialization complete.
2015-03-27 09:08:21,914 - ResourceCache : initialized. (class org.apache.velocity.runtime.resource.ResourceCacheImpl)
2015-03-27 09:08:21,914 - Default ResourceManager initialization complete.
2015-03-27 09:08:21,918 - Loaded System Directive: org.apache.velocity.runtime.directive.Literal
2015-03-27 09:08:21,920 - Loaded System Directive: org.apache.velocity.runtime.directive.Macro
2015-03-27 09:08:21,924 - Loaded System Directive: org.apache.velocity.runtime.directive.Parse
2015-03-27 09:08:21,926 - Loaded System Directive: org.apache.velocity.runtime.directive.Include
2015-03-27 09:08:21,927 - Loaded System Directive: org.apache.velocity.runtime.directive.Foreach
2015-03-27 09:08:21,956 - Created: 20 parsers.
2015-03-27 09:08:21,967 - Velocimacro : initialization starting.
2015-03-27 09:08:21,967 - Velocimacro : adding VMs from VM library template : VM_global_library.vm
2015-03-27 09:08:21,974 - ResourceManager : unable to find resource 'VM_global_library.vm' in any resource loader.
2015-03-27 09:08:21,974 - Velocimacro : error using  VM library template VM_global_library.vm : org.apache.velocity.exception.ResourceNotFoundException: Unable to find resource 'VM_global_library.vm'
2015-03-27 09:08:21,974 - Velocimacro :  VM library template macro registration complete.
2015-03-27 09:08:21,974 - Velocimacro : allowInline = true : VMs can be defined inline in templates
2015-03-27 09:08:21,974 - Velocimacro : allowInlineToOverride = false : VMs defined inline may NOT replace previous VM definitions
2015-03-27 09:08:21,974 - Velocimacro : allowInlineLocal = false : VMs defined inline will be  global in scope if allowed.
2015-03-27 09:08:21,974 - Velocimacro : messages on  : VM system will output logging messages
2015-03-27 09:08:21,974 - Velocimacro : autoload off  : VM system will not automatically reload global library macros
2015-03-27 09:08:21,974 - Velocimacro : initialization complete.
2015-03-27 09:08:21,974 - Velocity successfully started.
2015-03-27 09:22:14,002 - SimpleLog4JLogSystem initialized using logfile 'velocity.log'
2015-03-27 09:22:14,002 - ************************************************************** 
2015-03-27 09:22:14,002 - Starting Jakarta Velocity v1.4
2015-03-27 09:22:14,002 - RuntimeInstance initializing.
2015-03-27 09:22:14,002 - Default Properties File: org\apache\velocity\runtime\defaults\velocity.properties
2015-03-27 09:22:14,002 - Trying to use logger class org.apache.velocity.runtime.log.SimpleLog4JLogSystem
2015-03-27 09:22:14,002 - Using logger class org.apache.velocity.runtime.log.SimpleLog4JLogSystem
2015-03-27 09:22:14,006 - Default ResourceManager initializing. (class org.apache.velocity.runtime.resource.ResourceManagerImpl)
2015-03-27 09:22:14,010 - Resource Loader Instantiated: org.apache.velocity.runtime.resource.loader.ClasspathResourceLoader
2015-03-27 09:22:14,010 - ClasspathResourceLoader : initialization starting.
2015-03-27 09:22:14,010 - ClasspathResourceLoader : initialization complete.
2015-03-27 09:22:14,013 - ResourceCache : initialized. (class org.apache.velocity.runtime.resource.ResourceCacheImpl)
2015-03-27 09:22:14,013 - Default ResourceManager initialization complete.
2015-03-27 09:22:14,016 - Loaded System Directive: org.apache.velocity.runtime.directive.Literal
2015-03-27 09:22:14,019 - Loaded System Directive: org.apache.velocity.runtime.directive.Macro
2015-03-27 09:22:14,023 - Loaded System Directive: org.apache.velocity.runtime.directive.Parse
2015-03-27 09:22:14,025 - Loaded System Directive: org.apache.velocity.runtime.directive.Include
2015-03-27 09:22:14,027 - Loaded System Directive: org.apache.velocity.runtime.directive.Foreach
2015-03-27 09:22:14,055 - Created: 20 parsers.
2015-03-27 09:22:14,067 - Velocimacro : initialization starting.
2015-03-27 09:22:14,068 - Velocimacro : adding VMs from VM library template : VM_global_library.vm
2015-03-27 09:22:14,074 - ResourceManager : unable to find resource 'VM_global_library.vm' in any resource loader.
2015-03-27 09:22:14,074 - Velocimacro : error using  VM library template VM_global_library.vm : org.apache.velocity.exception.ResourceNotFoundException: Unable to find resource 'VM_global_library.vm'
2015-03-27 09:22:14,074 - Velocimacro :  VM library template macro registration complete.
2015-03-27 09:22:14,074 - Velocimacro : allowInline = true : VMs can be defined inline in templates
2015-03-27 09:22:14,074 - Velocimacro : allowInlineToOverride = false : VMs defined inline may NOT replace previous VM definitions
2015-03-27 09:22:14,074 - Velocimacro : allowInlineLocal = false : VMs defined inline will be  global in scope if allowed.
2015-03-27 09:22:14,074 - Velocimacro : messages on  : VM system will output logging messages
2015-03-27 09:22:14,074 - Velocimacro : autoload off  : VM system will not automatically reload global library macros
2015-03-27 09:22:14,074 - Velocimacro : initialization complete.
2015-03-27 09:22:14,074 - Velocity successfully started.
